# Logfile created on Wed Jun 04 18:46:13 -0600 2008  [4;36;1mSQL (0.020828)[0m   [0;1mselect sqlite_version(*)[0m
  [4;35;1mSQL (0.006447)[0m   [0mCREATE TABLE schema_info (version integer)[0m
  [4;36;1mSQL (0.002846)[0m   [0;1mINSERT INTO schema_info (version) VALUES(0)[0m
  [4;35;1mSQL (0.000000)[0m   [0mSQLite3::SQLException: table schema_info already exists: CREATE TABLE schema_info (version integer)[0m
  [4;36;1mSQL (0.001227)[0m   [0;1mSELECT version FROM schema_info[0m
Migrating to CreateUsers (1)
  [4;35;1mSQL (0.000000)[0m   [0mSQLite3::SQLException: no such table: users: DROP TABLE users[0m
  [4;36;1mSQL (0.003310)[0m   [0;1mCREATE TABLE users ("id" INTEGER PRIMARY KEY AUTOINCREMENT NOT NULL, "login" varchar(255) DEFAULT NULL, "email" varchar(255) DEFAULT NULL, "crypted_password" varchar(40) DEFAULT NULL, "salt" varchar(40) DEFAULT NULL, "created_at" datetime DEFAULT NULL, "creator_id" integer DEFAULT NULL, "updated_at" datetime DEFAULT NULL, "updater_id" integer DEFAULT NULL, "remember_token" varchar(255) DEFAULT NULL, "remember_token_expires_at" datetime DEFAULT NULL) [0m
  [4;35;1mSQL (0.002701)[0m   [0mUPDATE schema_info SET version = 1[0m
  [4;36;1mSQL (0.002363)[0m   [0;1mSELECT version FROM schema_info[0m
Migrating to CreatePosts (2)
  [4;35;1mSQL (0.023564)[0m   [0mCREATE TABLE posts ("id" INTEGER PRIMARY KEY AUTOINCREMENT NOT NULL, "title" varchar(255) DEFAULT NULL, "created_at" datetime DEFAULT NULL, "updated_at" datetime DEFAULT NULL, "creator_id" integer DEFAULT NULL, "updater_id" integer DEFAULT NULL) [0m
  [4;36;1mSQL (0.002712)[0m   [0;1mUPDATE schema_info SET version = 2[0m
  [4;35;1mSQL (0.001289)[0m   [0mSELECT * FROM schema_info[0m
  [4;36;1mSQL (0.002208)[0m   [0;1m SELECT name
 FROM sqlite_master
 WHERE type = 'table' AND NOT name = 'sqlite_sequence'
[0m
  [4;35;1mSQL (0.001229)[0m   [0mPRAGMA index_list(posts)[0m
  [4;36;1mSQL (0.000323)[0m   [0;1mPRAGMA index_list(users)[0m


Processing PostsController#index (for 127.0.0.1 at 2008-06-04 19:08:40) [GET]
  Session ID: 12e49c2b5ea49fcfa39e6e74a729e7ca
  Parameters: {"action"=>"index", "controller"=>"posts"}
  [4;36;1mSQL (0.002409)[0m   [0;1m SELECT name
 FROM sqlite_master
 WHERE type = 'table' AND NOT name = 'sqlite_sequence'
[0m


NoMethodError (undefined method `stamper=' for #<Class:0x26693b8>):
    /Users/delynn/.gems/gems/activerecord-2.0.2/lib/active_record/base.rb:1532:in `method_missing'
    /vendor/plugins/userstamp/lib/userstamp.rb:27:in `set_stamper'
    /Users/delynn/.gems/gems/actionpack-2.0.2/lib/action_controller/filters.rb:469:in `send!'
    /Users/delynn/.gems/gems/actionpack-2.0.2/lib/action_controller/filters.rb:469:in `call'
    /Users/delynn/.gems/gems/actionpack-2.0.2/lib/action_controller/filters.rb:441:in `run'
    /Users/delynn/.gems/gems/actionpack-2.0.2/lib/action_controller/filters.rb:716:in `run_before_filters'
    /Users/delynn/.gems/gems/actionpack-2.0.2/lib/action_controller/filters.rb:695:in `call_filters'
    /Users/delynn/.gems/gems/actionpack-2.0.2/lib/action_controller/filters.rb:689:in `perform_action_without_benchmark'
    /Users/delynn/.gems/gems/actionpack-2.0.2/lib/action_controller/benchmarking.rb:68:in `perform_action_without_rescue'
    /System/Library/Frameworks/Ruby.framework/Versions/1.8/usr/lib/ruby/1.8/benchmark.rb:293:in `measure'
    /Users/delynn/.gems/gems/actionpack-2.0.2/lib/action_controller/benchmarking.rb:68:in `perform_action_without_rescue'
    /Users/delynn/.gems/gems/actionpack-2.0.2/lib/action_controller/rescue.rb:199:in `perform_action_without_caching'
    /Users/delynn/.gems/gems/actionpack-2.0.2/lib/action_controller/caching.rb:678:in `perform_action'
    /Users/delynn/.gems/gems/activerecord-2.0.2/lib/active_record/connection_adapters/abstract/query_cache.rb:33:in `cache'
    /Users/delynn/.gems/gems/activerecord-2.0.2/lib/active_record/query_cache.rb:8:in `cache'
    /Users/delynn/.gems/gems/actionpack-2.0.2/lib/action_controller/caching.rb:677:in `perform_action'
    /Users/delynn/.gems/gems/actionpack-2.0.2/lib/action_controller/base.rb:524:in `send'
    /Users/delynn/.gems/gems/actionpack-2.0.2/lib/action_controller/base.rb:524:in `process_without_filters'
    /Users/delynn/.gems/gems/actionpack-2.0.2/lib/action_controller/filters.rb:685:in `process_without_session_management_support'
    /Users/delynn/.gems/gems/actionpack-2.0.2/lib/action_controller/session_management.rb:123:in `process'
    /Users/delynn/.gems/gems/actionpack-2.0.2/lib/action_controller/base.rb:388:in `process'
    /Users/delynn/.gems/gems/actionpack-2.0.2/lib/action_controller/dispatcher.rb:171:in `handle_request'
    /Users/delynn/.gems/gems/actionpack-2.0.2/lib/action_controller/dispatcher.rb:115:in `dispatch'
    /Users/delynn/.gems/gems/actionpack-2.0.2/lib/action_controller/dispatcher.rb:126:in `dispatch_cgi'
    /Users/delynn/.gems/gems/actionpack-2.0.2/lib/action_controller/dispatcher.rb:9:in `dispatch'
    /Users/delynn/.gems/gems/mongrel-1.1.4/bin/../lib/mongrel/rails.rb:76:in `process'
    /Users/delynn/.gems/gems/mongrel-1.1.4/bin/../lib/mongrel/rails.rb:74:in `synchronize'
    /Users/delynn/.gems/gems/mongrel-1.1.4/bin/../lib/mongrel/rails.rb:74:in `process'
    /Users/delynn/.gems/gems/mongrel-1.1.4/lib/mongrel.rb:159:in `process_client'
    /Users/delynn/.gems/gems/mongrel-1.1.4/lib/mongrel.rb:158:in `each'
    /Users/delynn/.gems/gems/mongrel-1.1.4/lib/mongrel.rb:158:in `process_client'
    /Users/delynn/.gems/gems/mongrel-1.1.4/lib/mongrel.rb:285:in `run'
    /Users/delynn/.gems/gems/mongrel-1.1.4/lib/mongrel.rb:285:in `initialize'
    /Users/delynn/.gems/gems/mongrel-1.1.4/lib/mongrel.rb:285:in `new'
    /Users/delynn/.gems/gems/mongrel-1.1.4/lib/mongrel.rb:285:in `run'
    /Users/delynn/.gems/gems/mongrel-1.1.4/lib/mongrel.rb:268:in `initialize'
    /Users/delynn/.gems/gems/mongrel-1.1.4/lib/mongrel.rb:268:in `new'
    /Users/delynn/.gems/gems/mongrel-1.1.4/lib/mongrel.rb:268:in `run'
    /Users/delynn/.gems/gems/mongrel-1.1.4/lib/mongrel/configurator.rb:282:in `run'
    /Users/delynn/.gems/gems/mongrel-1.1.4/lib/mongrel/configurator.rb:281:in `each'
    /Users/delynn/.gems/gems/mongrel-1.1.4/lib/mongrel/configurator.rb:281:in `run'
    /Users/delynn/.gems/gems/mongrel-1.1.4/bin/mongrel_rails:128:in `run'
    /Users/delynn/.gems/gems/mongrel-1.1.4/lib/mongrel/command.rb:212:in `run'
    /Users/delynn/.gems/gems/mongrel-1.1.4/bin/mongrel_rails:281
    /Users/delynn/.gems/gems/activesupport-2.0.2/lib/active_support/dependencies.rb:489:in `load'
    /Users/delynn/.gems/gems/activesupport-2.0.2/lib/active_support/dependencies.rb:489:in `load'
    /Users/delynn/.gems/gems/activesupport-2.0.2/lib/active_support/dependencies.rb:342:in `new_constants_in'
    /Users/delynn/.gems/gems/activesupport-2.0.2/lib/active_support/dependencies.rb:489:in `load'
    /Users/delynn/.gems/gems/rails-2.0.2/lib/commands/servers/mongrel.rb:64
    /Library/Ruby/Site/1.8/rubygems/custom_require.rb:27:in `gem_original_require'
    /Library/Ruby/Site/1.8/rubygems/custom_require.rb:27:in `require'
    /Users/delynn/.gems/gems/activesupport-2.0.2/lib/active_support/dependencies.rb:496:in `require'
    /Users/delynn/.gems/gems/activesupport-2.0.2/lib/active_support/dependencies.rb:342:in `new_constants_in'
    /Users/delynn/.gems/gems/activesupport-2.0.2/lib/active_support/dependencies.rb:496:in `require'
    /Users/delynn/.gems/gems/rails-2.0.2/lib/commands/server.rb:39
    /Library/Ruby/Site/1.8/rubygems/custom_require.rb:27:in `gem_original_require'
    /Library/Ruby/Site/1.8/rubygems/custom_require.rb:27:in `require'
    ./script/server:3

Rendering /Users/delynn/.gems/gems/actionpack-2.0.2/lib/action_controller/templates/rescues/layout.erb (internal_server_error)


Processing PostsController#index (for 127.0.0.1 at 2008-06-04 19:09:59) [GET]
  Session ID: BAh7BiIKZmxhc2hJQzonQWN0aW9uQ29udHJvbGxlcjo6Rmxhc2g6OkZsYXNo%0ASGFzaHsABjoKQHVzZWR7AA%3D%3D--57da19ddea6cb2cce857083b1174ca9ad4843f74
  Parameters: {"action"=>"index", "controller"=>"posts"}
Redirected to http://localhost:3000/session/new
Filter chain halted as [#<ActionController::Filters::ClassMethods::SymbolFilter:0x25521f0 @filter=:login_required>] rendered_or_redirected.
Completed in 0.03300 (30 reqs/sec) | DB: 0.00000 (0%) | 302 Found [http://localhost/]


Processing SessionsController#new (for 127.0.0.1 at 2008-06-04 19:09:59) [GET]
  Session ID: BAh7BzoOcmV0dXJuX3RvIgYvIgpmbGFzaElDOidBY3Rpb25Db250cm9sbGVy%0AOjpGbGFzaDo6Rmxhc2hIYXNoewAGOgpAdXNlZHsA--f650b7ce09ab48c507e7d28759ba9fa51a68d7b3
  Parameters: {"action"=>"new", "controller"=>"sessions"}
Redirected to http://localhost:3000/session/new
Filter chain halted as [#<ActionController::Filters::ClassMethods::SymbolFilter:0x24ba8a0 @filter=:login_required>] rendered_or_redirected.
Completed in 0.04622 (21 reqs/sec) | DB: 0.00000 (0%) | 302 Found [http://localhost/session/new]


Processing SessionsController#new (for 127.0.0.1 at 2008-06-04 19:09:59) [GET]
  Session ID: BAh7BzoOcmV0dXJuX3RvIhEvc2Vzc2lvbi9uZXciCmZsYXNoSUM6J0FjdGlv%0AbkNvbnRyb2xsZXI6OkZsYXNoOjpGbGFzaEhhc2h7AAY6CkB1c2VkewA%3D--7200e46dff4cfd8aadb50ce546b0c130191ee49b
  Parameters: {"action"=>"new", "controller"=>"sessions"}
Redirected to http://localhost:3000/session/new
Filter chain halted as [#<ActionController::Filters::ClassMethods::SymbolFilter:0x2423e28 @filter=:login_required>] rendered_or_redirected.
Completed in 0.05004 (19 reqs/sec) | DB: 0.00000 (0%) | 302 Found [http://localhost/session/new]


Processing SessionsController#new (for 127.0.0.1 at 2008-06-04 19:09:59) [GET]
  Session ID: BAh7BzoOcmV0dXJuX3RvIhEvc2Vzc2lvbi9uZXciCmZsYXNoSUM6J0FjdGlv%0AbkNvbnRyb2xsZXI6OkZsYXNoOjpGbGFzaEhhc2h7AAY6CkB1c2VkewA%3D--7200e46dff4cfd8aadb50ce546b0c130191ee49b
  Parameters: {"action"=>"new", "controller"=>"sessions"}
Redirected to http://localhost:3000/session/new
Filter chain halted as [#<ActionController::Filters::ClassMethods::SymbolFilter:0x23a3c00 @filter=:login_required>] rendered_or_redirected.
Completed in 0.05787 (17 reqs/sec) | DB: 0.00000 (0%) | 302 Found [http://localhost/session/new]


Processing SessionsController#new (for 127.0.0.1 at 2008-06-04 19:10:00) [GET]
  Session ID: BAh7BzoOcmV0dXJuX3RvIhEvc2Vzc2lvbi9uZXciCmZsYXNoSUM6J0FjdGlv%0AbkNvbnRyb2xsZXI6OkZsYXNoOjpGbGFzaEhhc2h7AAY6CkB1c2VkewA%3D--7200e46dff4cfd8aadb50ce546b0c130191ee49b
  Parameters: {"action"=>"new", "controller"=>"sessions"}
Redirected to http://localhost:3000/session/new
Filter chain halted as [#<ActionController::Filters::ClassMethods::SymbolFilter:0x2621180 @filter=:login_required>] rendered_or_redirected.
Completed in 0.06707 (14 reqs/sec) | DB: 0.00000 (0%) | 302 Found [http://localhost/session/new]


Processing SessionsController#new (for 127.0.0.1 at 2008-06-04 19:10:00) [GET]
  Session ID: BAh7BzoOcmV0dXJuX3RvIhEvc2Vzc2lvbi9uZXciCmZsYXNoSUM6J0FjdGlv%0AbkNvbnRyb2xsZXI6OkZsYXNoOjpGbGFzaEhhc2h7AAY6CkB1c2VkewA%3D--7200e46dff4cfd8aadb50ce546b0c130191ee49b
  Parameters: {"action"=>"new", "controller"=>"sessions"}
Redirected to http://localhost:3000/session/new
Filter chain halted as [#<ActionController::Filters::ClassMethods::SymbolFilter:0x25746b0 @filter=:login_required>] rendered_or_redirected.
Completed in 0.03881 (25 reqs/sec) | DB: 0.00000 (0%) | 302 Found [http://localhost/session/new]


Processing SessionsController#new (for 127.0.0.1 at 2008-06-04 19:10:00) [GET]
  Session ID: BAh7BzoOcmV0dXJuX3RvIhEvc2Vzc2lvbi9uZXciCmZsYXNoSUM6J0FjdGlv%0AbkNvbnRyb2xsZXI6OkZsYXNoOjpGbGFzaEhhc2h7AAY6CkB1c2VkewA%3D--7200e46dff4cfd8aadb50ce546b0c130191ee49b
  Parameters: {"action"=>"new", "controller"=>"sessions"}
Redirected to http://localhost:3000/session/new
Filter chain halted as [#<ActionController::Filters::ClassMethods::SymbolFilter:0x24daa74 @filter=:login_required>] rendered_or_redirected.
Completed in 0.04090 (24 reqs/sec) | DB: 0.00000 (0%) | 302 Found [http://localhost/session/new]


Processing SessionsController#new (for 127.0.0.1 at 2008-06-04 19:10:00) [GET]
  Session ID: BAh7BzoOcmV0dXJuX3RvIhEvc2Vzc2lvbi9uZXciCmZsYXNoSUM6J0FjdGlv%0AbkNvbnRyb2xsZXI6OkZsYXNoOjpGbGFzaEhhc2h7AAY6CkB1c2VkewA%3D--7200e46dff4cfd8aadb50ce546b0c130191ee49b
  Parameters: {"action"=>"new", "controller"=>"sessions"}
Redirected to http://localhost:3000/session/new
Filter chain halted as [#<ActionController::Filters::ClassMethods::SymbolFilter:0x2440ce4 @filter=:login_required>] rendered_or_redirected.
Completed in 0.03239 (30 reqs/sec) | DB: 0.00000 (0%) | 302 Found [http://localhost/session/new]


Processing SessionsController#new (for 127.0.0.1 at 2008-06-04 19:10:00) [GET]
  Session ID: BAh7BzoOcmV0dXJuX3RvIhEvc2Vzc2lvbi9uZXciCmZsYXNoSUM6J0FjdGlv%0AbkNvbnRyb2xsZXI6OkZsYXNoOjpGbGFzaEhhc2h7AAY6CkB1c2VkewA%3D--7200e46dff4cfd8aadb50ce546b0c130191ee49b
  Parameters: {"action"=>"new", "controller"=>"sessions"}
Redirected to http://localhost:3000/session/new
Filter chain halted as [#<ActionController::Filters::ClassMethods::SymbolFilter:0x23bb8c8 @filter=:login_required>] rendered_or_redirected.
Completed in 0.25066 (3 reqs/sec) | DB: 0.00000 (0%) | 302 Found [http://localhost/session/new]


Processing SessionsController#new (for 127.0.0.1 at 2008-06-04 19:10:01) [GET]
  Session ID: BAh7BzoOcmV0dXJuX3RvIhEvc2Vzc2lvbi9uZXciCmZsYXNoSUM6J0FjdGlv%0AbkNvbnRyb2xsZXI6OkZsYXNoOjpGbGFzaEhhc2h7AAY6CkB1c2VkewA%3D--7200e46dff4cfd8aadb50ce546b0c130191ee49b
  Parameters: {"action"=>"new", "controller"=>"sessions"}
Redirected to http://localhost:3000/session/new
Filter chain halted as [#<ActionController::Filters::ClassMethods::SymbolFilter:0x262fd98 @filter=:login_required>] rendered_or_redirected.
Completed in 0.03477 (28 reqs/sec) | DB: 0.00000 (0%) | 302 Found [http://localhost/session/new]


Processing SessionsController#new (for 127.0.0.1 at 2008-06-04 19:10:01) [GET]
  Session ID: BAh7BzoOcmV0dXJuX3RvIhEvc2Vzc2lvbi9uZXciCmZsYXNoSUM6J0FjdGlv%0AbkNvbnRyb2xsZXI6OkZsYXNoOjpGbGFzaEhhc2h7AAY6CkB1c2VkewA%3D--7200e46dff4cfd8aadb50ce546b0c130191ee49b
  Parameters: {"action"=>"new", "controller"=>"sessions"}
Redirected to http://localhost:3000/session/new
Filter chain halted as [#<ActionController::Filters::ClassMethods::SymbolFilter:0x2582b48 @filter=:login_required>] rendered_or_redirected.
Completed in 0.05910 (16 reqs/sec) | DB: 0.00000 (0%) | 302 Found [http://localhost/session/new]


Processing SessionsController#new (for 127.0.0.1 at 2008-06-04 19:10:01) [GET]
  Session ID: BAh7BzoOcmV0dXJuX3RvIhEvc2Vzc2lvbi9uZXciCmZsYXNoSUM6J0FjdGlv%0AbkNvbnRyb2xsZXI6OkZsYXNoOjpGbGFzaEhhc2h7AAY6CkB1c2VkewA%3D--7200e46dff4cfd8aadb50ce546b0c130191ee49b
  Parameters: {"action"=>"new", "controller"=>"sessions"}
Redirected to http://localhost:3000/session/new
Filter chain halted as [#<ActionController::Filters::ClassMethods::SymbolFilter:0x24e4290 @filter=:login_required>] rendered_or_redirected.
Completed in 0.03821 (26 reqs/sec) | DB: 0.00000 (0%) | 302 Found [http://localhost/session/new]


Processing SessionsController#new (for 127.0.0.1 at 2008-06-04 19:10:01) [GET]
  Session ID: BAh7BzoOcmV0dXJuX3RvIhEvc2Vzc2lvbi9uZXciCmZsYXNoSUM6J0FjdGlv%0AbkNvbnRyb2xsZXI6OkZsYXNoOjpGbGFzaEhhc2h7AAY6CkB1c2VkewA%3D--7200e46dff4cfd8aadb50ce546b0c130191ee49b
  Parameters: {"action"=>"new", "controller"=>"sessions"}
Redirected to http://localhost:3000/session/new
Filter chain halted as [#<ActionController::Filters::ClassMethods::SymbolFilter:0x244bcac @filter=:login_required>] rendered_or_redirected.
Completed in 0.03217 (31 reqs/sec) | DB: 0.00000 (0%) | 302 Found [http://localhost/session/new]


Processing SessionsController#new (for 127.0.0.1 at 2008-06-04 19:10:01) [GET]
  Session ID: BAh7BzoOcmV0dXJuX3RvIhEvc2Vzc2lvbi9uZXciCmZsYXNoSUM6J0FjdGlv%0AbkNvbnRyb2xsZXI6OkZsYXNoOjpGbGFzaEhhc2h7AAY6CkB1c2VkewA%3D--7200e46dff4cfd8aadb50ce546b0c130191ee49b
  Parameters: {"action"=>"new", "controller"=>"sessions"}
Redirected to http://localhost:3000/session/new
Filter chain halted as [#<ActionController::Filters::ClassMethods::SymbolFilter:0x23c3410 @filter=:login_required>] rendered_or_redirected.
Completed in 0.26612 (3 reqs/sec) | DB: 0.00000 (0%) | 302 Found [http://localhost/session/new]


Processing SessionsController#new (for 127.0.0.1 at 2008-06-04 19:10:02) [GET]
  Session ID: BAh7BzoOcmV0dXJuX3RvIhEvc2Vzc2lvbi9uZXciCmZsYXNoSUM6J0FjdGlv%0AbkNvbnRyb2xsZXI6OkZsYXNoOjpGbGFzaEhhc2h7AAY6CkB1c2VkewA%3D--7200e46dff4cfd8aadb50ce546b0c130191ee49b
  Parameters: {"action"=>"new", "controller"=>"sessions"}
Redirected to http://localhost:3000/session/new
Filter chain halted as [#<ActionController::Filters::ClassMethods::SymbolFilter:0x2633ca4 @filter=:login_required>] rendered_or_redirected.
Completed in 0.03584 (27 reqs/sec) | DB: 0.00000 (0%) | 302 Found [http://localhost/session/new]


Processing SessionsController#new (for 127.0.0.1 at 2008-06-04 19:10:02) [GET]
  Session ID: BAh7BzoOcmV0dXJuX3RvIhEvc2Vzc2lvbi9uZXciCmZsYXNoSUM6J0FjdGlv%0AbkNvbnRyb2xsZXI6OkZsYXNoOjpGbGFzaEhhc2h7AAY6CkB1c2VkewA%3D--7200e46dff4cfd8aadb50ce546b0c130191ee49b
  Parameters: {"action"=>"new", "controller"=>"sessions"}
Redirected to http://localhost:3000/session/new
Filter chain halted as [#<ActionController::Filters::ClassMethods::SymbolFilter:0x2588bb0 @filter=:login_required>] rendered_or_redirected.
Completed in 0.03910 (25 reqs/sec) | DB: 0.00000 (0%) | 302 Found [http://localhost/session/new]


Processing SessionsController#new (for 127.0.0.1 at 2008-06-04 19:10:02) [GET]
  Session ID: BAh7BzoOcmV0dXJuX3RvIhEvc2Vzc2lvbi9uZXciCmZsYXNoSUM6J0FjdGlv%0AbkNvbnRyb2xsZXI6OkZsYXNoOjpGbGFzaEhhc2h7AAY6CkB1c2VkewA%3D--7200e46dff4cfd8aadb50ce546b0c130191ee49b
  Parameters: {"action"=>"new", "controller"=>"sessions"}
Redirected to http://localhost:3000/session/new
Filter chain halted as [#<ActionController::Filters::ClassMethods::SymbolFilter:0x24e88e0 @filter=:login_required>] rendered_or_redirected.
Completed in 0.03120 (32 reqs/sec) | DB: 0.00000 (0%) | 302 Found [http://localhost/session/new]


Processing PostsController#index (for 127.0.0.1 at 2008-06-04 19:11:06) [GET]
  Session ID: BAh7BzoOcmV0dXJuX3RvIhEvc2Vzc2lvbi9uZXciCmZsYXNoSUM6J0FjdGlv%0AbkNvbnRyb2xsZXI6OkZsYXNoOjpGbGFzaEhhc2h7AAY6CkB1c2VkewA%3D--7200e46dff4cfd8aadb50ce546b0c130191ee49b
  Parameters: {"action"=>"index", "controller"=>"posts"}
Redirected to http://localhost:3000/session/new
Filter chain halted as [#<ActionController::Filters::ClassMethods::SymbolFilter:0x244fb18 @filter=:login_required>] rendered_or_redirected.
Completed in 0.05268 (18 reqs/sec) | DB: 0.00000 (0%) | 302 Found [http://localhost/]


Processing SessionsController#new (for 127.0.0.1 at 2008-06-04 19:11:06) [GET]
  Session ID: BAh7BzoOcmV0dXJuX3RvIgYvIgpmbGFzaElDOidBY3Rpb25Db250cm9sbGVy%0AOjpGbGFzaDo6Rmxhc2hIYXNoewAGOgpAdXNlZHsA--f650b7ce09ab48c507e7d28759ba9fa51a68d7b3
  Parameters: {"action"=>"new", "controller"=>"sessions"}
Rendering sessions/new
Completed in 0.33765 (2 reqs/sec) | Rendering: 0.01184 (3%) | DB: 0.00000 (0%) | 200 OK [http://localhost/session/new]


Processing SessionsController#new (for 127.0.0.1 at 2008-06-04 19:13:18) [GET]
  Session ID: BAh7CDoOcmV0dXJuX3RvIgYvIgpmbGFzaElDOidBY3Rpb25Db250cm9sbGVy%0AOjpGbGFzaDo6Rmxhc2hIYXNoewAGOgpAdXNlZHsAOgxjc3JmX2lkIiUzOTgy%0ANjZlOTEyYWFmNGE5ZDNlZWVlNzhmMDk2ZWY1Yw%3D%3D--195fad39d9b6dd38d620a3b3cd6ea881aceaa742
  Parameters: {"action"=>"new", "controller"=>"sessions"}
Rendering sessions/new
Completed in 0.28793 (3 reqs/sec) | Rendering: 0.01151 (3%) | DB: 0.00000 (0%) | 200 OK [http://localhost/session/new]


Processing SessionsController#create (for 127.0.0.1 at 2008-06-04 19:15:17) [POST]
  Session ID: BAh7CDoOcmV0dXJuX3RvIgYvIgpmbGFzaElDOidBY3Rpb25Db250cm9sbGVy%0AOjpGbGFzaDo6Rmxhc2hIYXNoewAGOgpAdXNlZHsAOgxjc3JmX2lkIiUzOTgy%0ANjZlOTEyYWFmNGE5ZDNlZWVlNzhmMDk2ZWY1Yw%3D%3D--195fad39d9b6dd38d620a3b3cd6ea881aceaa742
  Parameters: {"commit"=>"Log in", "authenticity_token"=>"d7ca6dfcda28eef6eecb1c04010e85c51e3750bf", "action"=>"create", "controller"=>"sessions", "password"=>"test", "login"=>"admin"}
  [4;36;1mUser Load (0.004899)[0m   [0;1mSELECT * FROM users WHERE (users."login" = 'admin') LIMIT 1[0m
Redirected to http://localhost:3000/
Completed in 0.32565 (3 reqs/sec) | DB: 0.00490 (1%) | 302 Found [http://localhost/session]


Processing PostsController#index (for 127.0.0.1 at 2008-06-04 19:15:17) [GET]
  Session ID: BAh7CToOcmV0dXJuX3RvMDoMdXNlcl9pZGkIIgpmbGFzaElDOidBY3Rpb25D%0Ab250cm9sbGVyOjpGbGFzaDo6Rmxhc2hIYXNoewY6C25vdGljZSIbTG9nZ2Vk%0AIGluIHN1Y2Nlc3NmdWxseQY6CkB1c2VkewY7CFQ6DGNzcmZfaWQiJTM5ODI2%0ANmU5MTJhYWY0YTlkM2VlZWU3OGYwOTZlZjVj--23067a580474122d41e81d13b6dafb93eb3e0058
  Parameters: {"action"=>"index", "controller"=>"posts"}
  [4;35;1mUser Load (0.001808)[0m   [0mSELECT * FROM users WHERE (users."id" = 3) LIMIT 1[0m
  [4;36;1mPost Load (0.001051)[0m   [0;1mSELECT * FROM posts [0m


ActionController::MissingTemplate (Missing template posts/index.html.erb in view path /Users/delynn/var/www/userstamp_sample/app/views):
    /Users/delynn/.gems/gems/actionpack-2.0.2/lib/action_controller/base.rb:1269:in `assert_existence_of_template_file'
    /Users/delynn/.gems/gems/actionpack-2.0.2/lib/action_controller/base.rb:1098:in `render_for_file'
    /Users/delynn/.gems/gems/actionpack-2.0.2/lib/action_controller/base.rb:858:in `render_with_no_layout'
    /Users/delynn/.gems/gems/actionpack-2.0.2/lib/action_controller/base.rb:872:in `render_with_no_layout'
    /Users/delynn/.gems/gems/actionpack-2.0.2/lib/action_controller/layout.rb:270:in `render_without_benchmark'
    /Users/delynn/.gems/gems/actionpack-2.0.2/lib/action_controller/benchmarking.rb:51:in `render'
    /System/Library/Frameworks/Ruby.framework/Versions/1.8/usr/lib/ruby/1.8/benchmark.rb:293:in `measure'
    /Users/delynn/.gems/gems/actionpack-2.0.2/lib/action_controller/benchmarking.rb:51:in `render'
    /Users/delynn/.gems/gems/actionpack-2.0.2/lib/action_controller/mime_responds.rb:131:in `send'
    /Users/delynn/.gems/gems/actionpack-2.0.2/lib/action_controller/mime_responds.rb:131:in `custom'
    /Users/delynn/.gems/gems/actionpack-2.0.2/lib/action_controller/mime_responds.rb:156:in `call'
    /Users/delynn/.gems/gems/actionpack-2.0.2/lib/action_controller/mime_responds.rb:156:in `respond'
    /Users/delynn/.gems/gems/actionpack-2.0.2/lib/action_controller/mime_responds.rb:150:in `each'
    /Users/delynn/.gems/gems/actionpack-2.0.2/lib/action_controller/mime_responds.rb:150:in `respond'
    /Users/delynn/.gems/gems/actionpack-2.0.2/lib/action_controller/mime_responds.rb:107:in `respond_to'
    /vendor/plugins/resource_this/lib/resource_this.rb:137:in `index'
    /Users/delynn/.gems/gems/actionpack-2.0.2/lib/action_controller/base.rb:1158:in `send'
    /Users/delynn/.gems/gems/actionpack-2.0.2/lib/action_controller/base.rb:1158:in `perform_action_without_filters'
    /Users/delynn/.gems/gems/actionpack-2.0.2/lib/action_controller/filters.rb:697:in `call_filters'
    /Users/delynn/.gems/gems/actionpack-2.0.2/lib/action_controller/filters.rb:689:in `perform_action_without_benchmark'
    /Users/delynn/.gems/gems/actionpack-2.0.2/lib/action_controller/benchmarking.rb:68:in `perform_action_without_rescue'
    /System/Library/Frameworks/Ruby.framework/Versions/1.8/usr/lib/ruby/1.8/benchmark.rb:293:in `measure'
    /Users/delynn/.gems/gems/actionpack-2.0.2/lib/action_controller/benchmarking.rb:68:in `perform_action_without_rescue'
    /Users/delynn/.gems/gems/actionpack-2.0.2/lib/action_controller/rescue.rb:199:in `perform_action_without_caching'
    /Users/delynn/.gems/gems/actionpack-2.0.2/lib/action_controller/caching.rb:678:in `perform_action'
    /Users/delynn/.gems/gems/activerecord-2.0.2/lib/active_record/connection_adapters/abstract/query_cache.rb:33:in `cache'
    /Users/delynn/.gems/gems/activerecord-2.0.2/lib/active_record/query_cache.rb:8:in `cache'
    /Users/delynn/.gems/gems/actionpack-2.0.2/lib/action_controller/caching.rb:677:in `perform_action'
    /Users/delynn/.gems/gems/actionpack-2.0.2/lib/action_controller/base.rb:524:in `send'
    /Users/delynn/.gems/gems/actionpack-2.0.2/lib/action_controller/base.rb:524:in `process_without_filters'
    /Users/delynn/.gems/gems/actionpack-2.0.2/lib/action_controller/filters.rb:685:in `process_without_session_management_support'
    /Users/delynn/.gems/gems/actionpack-2.0.2/lib/action_controller/session_management.rb:123:in `process'
    /Users/delynn/.gems/gems/actionpack-2.0.2/lib/action_controller/base.rb:388:in `process'
    /Users/delynn/.gems/gems/actionpack-2.0.2/lib/action_controller/dispatcher.rb:171:in `handle_request'
    /Users/delynn/.gems/gems/actionpack-2.0.2/lib/action_controller/dispatcher.rb:115:in `dispatch'
    /Users/delynn/.gems/gems/actionpack-2.0.2/lib/action_controller/dispatcher.rb:126:in `dispatch_cgi'
    /Users/delynn/.gems/gems/actionpack-2.0.2/lib/action_controller/dispatcher.rb:9:in `dispatch'
    /Users/delynn/.gems/gems/mongrel-1.1.4/bin/../lib/mongrel/rails.rb:76:in `process'
    /Users/delynn/.gems/gems/mongrel-1.1.4/bin/../lib/mongrel/rails.rb:74:in `synchronize'
    /Users/delynn/.gems/gems/mongrel-1.1.4/bin/../lib/mongrel/rails.rb:74:in `process'
    /Users/delynn/.gems/gems/mongrel-1.1.4/lib/mongrel.rb:159:in `process_client'
    /Users/delynn/.gems/gems/mongrel-1.1.4/lib/mongrel.rb:158:in `each'
    /Users/delynn/.gems/gems/mongrel-1.1.4/lib/mongrel.rb:158:in `process_client'
    /Users/delynn/.gems/gems/mongrel-1.1.4/lib/mongrel.rb:285:in `run'
    /Users/delynn/.gems/gems/mongrel-1.1.4/lib/mongrel.rb:285:in `initialize'
    /Users/delynn/.gems/gems/mongrel-1.1.4/lib/mongrel.rb:285:in `new'
    /Users/delynn/.gems/gems/mongrel-1.1.4/lib/mongrel.rb:285:in `run'
    /Users/delynn/.gems/gems/mongrel-1.1.4/lib/mongrel.rb:268:in `initialize'
    /Users/delynn/.gems/gems/mongrel-1.1.4/lib/mongrel.rb:268:in `new'
    /Users/delynn/.gems/gems/mongrel-1.1.4/lib/mongrel.rb:268:in `run'
    /Users/delynn/.gems/gems/mongrel-1.1.4/lib/mongrel/configurator.rb:282:in `run'
    /Users/delynn/.gems/gems/mongrel-1.1.4/lib/mongrel/configurator.rb:281:in `each'
    /Users/delynn/.gems/gems/mongrel-1.1.4/lib/mongrel/configurator.rb:281:in `run'
    /Users/delynn/.gems/gems/mongrel-1.1.4/bin/mongrel_rails:128:in `run'
    /Users/delynn/.gems/gems/mongrel-1.1.4/lib/mongrel/command.rb:212:in `run'
    /Users/delynn/.gems/gems/mongrel-1.1.4/bin/mongrel_rails:281
    /Users/delynn/.gems/gems/activesupport-2.0.2/lib/active_support/dependencies.rb:489:in `load'
    /Users/delynn/.gems/gems/activesupport-2.0.2/lib/active_support/dependencies.rb:489:in `load'
    /Users/delynn/.gems/gems/activesupport-2.0.2/lib/active_support/dependencies.rb:342:in `new_constants_in'
    /Users/delynn/.gems/gems/activesupport-2.0.2/lib/active_support/dependencies.rb:489:in `load'
    /Users/delynn/.gems/gems/rails-2.0.2/lib/commands/servers/mongrel.rb:64
    /Library/Ruby/Site/1.8/rubygems/custom_require.rb:27:in `gem_original_require'
    /Library/Ruby/Site/1.8/rubygems/custom_require.rb:27:in `require'
    /Users/delynn/.gems/gems/activesupport-2.0.2/lib/active_support/dependencies.rb:496:in `require'
    /Users/delynn/.gems/gems/activesupport-2.0.2/lib/active_support/dependencies.rb:342:in `new_constants_in'
    /Users/delynn/.gems/gems/activesupport-2.0.2/lib/active_support/dependencies.rb:496:in `require'
    /Users/delynn/.gems/gems/rails-2.0.2/lib/commands/server.rb:39
    /Library/Ruby/Site/1.8/rubygems/custom_require.rb:27:in `gem_original_require'
    /Library/Ruby/Site/1.8/rubygems/custom_require.rb:27:in `require'
    ./script/server:3

Rendering /Users/delynn/.gems/gems/actionpack-2.0.2/lib/action_controller/templates/rescues/layout.erb (internal_server_error)


Processing PostsController#index (for 127.0.0.1 at 2008-06-04 19:17:06) [GET]
  Session ID: BAh7CToOcmV0dXJuX3RvMDoMdXNlcl9pZGkIIgpmbGFzaElDOidBY3Rpb25D%0Ab250cm9sbGVyOjpGbGFzaDo6Rmxhc2hIYXNoewAGOgpAdXNlZHsAOgxjc3Jm%0AX2lkIiUzOTgyNjZlOTEyYWFmNGE5ZDNlZWVlNzhmMDk2ZWY1Yw%3D%3D--5fdbcf28df62b4a16f403cb2b18e460452469020
  Parameters: {"action"=>"index", "controller"=>"posts"}
  [4;36;1mUser Load (0.001628)[0m   [0;1mSELECT * FROM users WHERE (users."id" = 3) LIMIT 1[0m
  [4;35;1mPost Load (0.001291)[0m   [0mSELECT * FROM posts [0m
Rendering template within layouts/posts
Rendering posts/index
Completed in 0.21005 (4 reqs/sec) | Rendering: 0.11186 (53%) | DB: 0.00292 (1%) | 200 OK [http://localhost/]


Processing PostsController#new (for 127.0.0.1 at 2008-06-04 19:17:11) [GET]
  Session ID: BAh7CToOcmV0dXJuX3RvMDoMdXNlcl9pZGkIIgpmbGFzaElDOidBY3Rpb25D%0Ab250cm9sbGVyOjpGbGFzaDo6Rmxhc2hIYXNoewAGOgpAdXNlZHsAOgxjc3Jm%0AX2lkIiUzOTgyNjZlOTEyYWFmNGE5ZDNlZWVlNzhmMDk2ZWY1Yw%3D%3D--5fdbcf28df62b4a16f403cb2b18e460452469020
  Parameters: {"action"=>"new", "controller"=>"posts"}
  [4;36;1mUser Load (0.001608)[0m   [0;1mSELECT * FROM users WHERE (users."id" = 3) LIMIT 1[0m
Rendering template within layouts/posts
Rendering posts/edit
Completed in 0.12886 (7 reqs/sec) | Rendering: 0.01903 (14%) | DB: 0.00161 (1%) | 200 OK [http://localhost/posts/new]


Processing PostsController#create (for 127.0.0.1 at 2008-06-04 19:17:19) [POST]
  Session ID: BAh7CToOcmV0dXJuX3RvMDoMdXNlcl9pZGkIIgpmbGFzaElDOidBY3Rpb25D%0Ab250cm9sbGVyOjpGbGFzaDo6Rmxhc2hIYXNoewAGOgpAdXNlZHsAOgxjc3Jm%0AX2lkIiUzOTgyNjZlOTEyYWFmNGE5ZDNlZWVlNzhmMDk2ZWY1Yw%3D%3D--5fdbcf28df62b4a16f403cb2b18e460452469020
  Parameters: {"commit"=>"Update", "post"=>{"title"=>"Testing", "creator_id"=>"", "updater_id"=>""}, "authenticity_token"=>"d7ca6dfcda28eef6eecb1c04010e85c51e3750bf", "action"=>"create", "controller"=>"posts"}
  [4;35;1mUser Load (0.001477)[0m   [0mSELECT * FROM users WHERE (users."id" = 3) LIMIT 1[0m
  [4;36;1mPost Create (0.001785)[0m   [0;1mINSERT INTO posts ("updated_at", "title", "creator_id", "updater_id", "created_at") VALUES('2008-06-04 19:17:20', 'Testing', 3, 3, '2008-06-04 19:17:20')[0m
Redirected to http://localhost:3000/posts/1
Completed in 0.11695 (8 reqs/sec) | DB: 0.00326 (2%) | 302 Found [http://localhost/posts]


Processing PostsController#show (for 127.0.0.1 at 2008-06-04 19:17:20) [GET]
  Session ID: BAh7CToOcmV0dXJuX3RvMDoMdXNlcl9pZGkIIgpmbGFzaElDOidBY3Rpb25D%0Ab250cm9sbGVyOjpGbGFzaDo6Rmxhc2hIYXNoewY6C25vdGljZSIjUG9zdCB3%0AYXMgc3VjY2Vzc2Z1bGx5IGNyZWF0ZWQuBjoKQHVzZWR7BjsIVDoMY3NyZl9p%0AZCIlMzk4MjY2ZTkxMmFhZjRhOWQzZWVlZTc4ZjA5NmVmNWM%3D--838e2da09630c76974add280da0b8f8dabe94c19
  Parameters: {"action"=>"show", "id"=>"1", "controller"=>"posts"}
  [4;35;1mUser Load (0.001572)[0m   [0mSELECT * FROM users WHERE (users."id" = 3) LIMIT 1[0m
  [4;36;1mPost Load (0.001832)[0m   [0;1mSELECT * FROM posts WHERE (posts."id" = 1) [0m
Rendering template within layouts/posts
Rendering posts/show
Completed in 0.43932 (2 reqs/sec) | Rendering: 0.01483 (3%) | DB: 0.00340 (0%) | 200 OK [http://localhost/posts/1]


Processing PostsController#index (for 127.0.0.1 at 2008-06-04 19:17:23) [GET]
  Session ID: BAh7CToOcmV0dXJuX3RvMDoMdXNlcl9pZGkIIgpmbGFzaElDOidBY3Rpb25D%0Ab250cm9sbGVyOjpGbGFzaDo6Rmxhc2hIYXNoewAGOgpAdXNlZHsAOgxjc3Jm%0AX2lkIiUzOTgyNjZlOTEyYWFmNGE5ZDNlZWVlNzhmMDk2ZWY1Yw%3D%3D--5fdbcf28df62b4a16f403cb2b18e460452469020
  Parameters: {"action"=>"index", "controller"=>"posts"}
  [4;35;1mUser Load (0.001404)[0m   [0mSELECT * FROM users WHERE (users."id" = 3) LIMIT 1[0m
  [4;36;1mPost Load (0.001341)[0m   [0;1mSELECT * FROM posts [0m
Rendering template within layouts/posts
Rendering posts/index
Completed in 0.11706 (8 reqs/sec) | Rendering: 0.02588 (22%) | DB: 0.00274 (2%) | 200 OK [http://localhost/posts]
